<?xml version="1.0" encoding="UTF-8"?>
<testsuite xmlns:xsi="http://www.w3.org/2001/XMLSchema-instance" xsi:noNamespaceSchemaLocation="https://maven.apache.org/surefire/maven-surefire-plugin/xsd/surefire-test-report.xsd" name="runnerclass.HooksTest" time="3.181" tests="3" errors="1" skipped="0" failures="0">
  <properties>
[...]
</properties>
  <testcase name="Search a Product" classname="Amazon Search Engine" time="0.26"/>
  <testcase name="Search a Product2" classname="Amazon Search Engine" time="0.026"/>
  <testcase name="Search a Product3" classname="Amazon Search Engine" time="0.063">
    <error message="The step &quot;oh my god&quot; is undefined. You can implement it using the snippet(s) below:&#10;&#10;@Then(&quot;oh my god&quot;)&#10;public void oh_my_god() {&#10;    // Write code here that turns the phrase above into concrete actions&#10;    throw new io.cucumber.java.PendingException();&#10;}&#10;" type="io.cucumber.junit.UndefinedStepException">io.cucumber.junit.UndefinedStepException: 
The step "oh my god" is undefined. You can implement it using the snippet(s) below:

@Then("oh my god")
public void oh_my_god() {
    // Write code here that turns the phrase above into concrete actions
    throw new io.cucumber.java.PendingException();
}

</error>
    <system-out><![CDATA[
@Regression
Scenario: Search a Product3                                                   # src/test/java/feature/SearchAmzon.feature:13
launch browser
Search a Product3
  Given I have Search field for product on amazon Page                        # stepdefinition.Hooks.i_have_search_field_for_product_on_amazon_page()
productApple Macbook pro3price2000
  When I search  for a product  with name "Apple Macbook pro3" and price 2000 # stepdefinition.Hooks.i_search_for_aproduct_with_name_something_and_price_1000(java.lang.String,java.lang.Integer)
Apple Macbook pro3
  Then product with name "Apple Macbook pro3" should be displayed             # stepdefinition.Hooks.product_with_name_something_should_be_displayed(java.lang.String)
  Then oh my god                                                              # null
close the browser1
]]></system-out>
  </testcase>
</testsuite>